Unable to capture context for thread 6124 in process 1532, can not generate back trace
Unable to capture context for thread 4244 in process 1532, can not generate back trace
Unable to capture context for thread 1508 in process 1532, can not generate back trace
Unable to capture context for thread 4580 in process 1532, can not generate back trace
Unable to capture context for thread 10028 in process 1532, can not generate back trace
Unable to capture context for thread 14500 in process 1532, can not generate back trace
Exception at PC 0x00007FFC2FA0BB93
Printing stacktrace...

Unable to capture context for thread 10028 in process 1532, can not generate back trace
Exception at PC 0x00007FFC7F854008
Exception at PC 0x00007FFC7F854008
Exception at PC 0x00007FFC7F854008
Exception at PC 0x00007FFC7F854008
Exception at PC 0x00007FFC7F854008
Exception at PC 0x00007FFC7F854008
Exception at PC 0x00007FFC7F854008
Exception at PC 0x00007FFC7F854008
Exception at PC 0x00007FFC7F854008
[0]  [0x00007FFC2FA0BB93]
[1]  [0x00007FFC2FA0BB93]
[2]  [0x00007FFC2FA0B4A1]
[3]  [0x00007FFC2FA0B3EF]
[4]  [0x00007FFC2F9F19FE]
[5]  [0x00007FFC2F9F0ED1]
[6]  [0x00007FFC2F9F0D76]
[7]  [0x00007FFC2F9979F6]
[8]  [0x00007FFC2F987AFB]
[9]  [0x00007FFC2FAAE90A]
[10]  [0x00007FFC2FAC9F87]
[11]  [0x00007FFC2FACA05F]
[12] (BaseThreadInitThunk+0x14) [0x00007FFC82641FE4]
[13] (RtlUserThreadStart+0x21) [0x00007FFC82ADF061]
Done
Exception at PC 0x00007FFC7F854008
Exception at PC 0x00007FFC7F854008
Exception at PC 0x00007FFC7F854008
Exception at PC 0x00007FFC7F854008
Exception at PC 0x00007FFC7F854008
Exception at PC 0x00007FFC7F854008
Exception at PC 0x00007FFC7F854008
Exception at PC 0x00007FFC7F854008
Exception at PC 0x00007FFC7F854008
