
*** Running vivado
    with args -log RCA_Demo.vds -m64 -product Vivado -mode batch -messageDb vivado.pb -notrace -source RCA_Demo.tcl


****** Vivado v2016.4 (64-bit)
  **** SW Build 1733598 on Wed Dec 14 22:35:39 MST 2016
  **** IP Build 1731160 on Wed Dec 14 23:47:21 MST 2016
    ** Copyright 1986-2016 Xilinx, Inc. All Rights Reserved.

source RCA_Demo.tcl -notrace
Command: synth_design -top RCA_Demo -part xc7a100tcsg324-1
Starting synth_design
Attempting to get a license for feature 'Synthesis' and/or device 'xc7a100t'
INFO: [Common 17-349] Got license for feature 'Synthesis' and/or device 'xc7a100t'
INFO: Launching helper process for spawning children vivado processes
INFO: Helper process launched with PID 2732 
---------------------------------------------------------------------------------
Starting RTL Elaboration : Time (s): cpu = 00:00:04 ; elapsed = 00:00:08 . Memory (MB): peak = 306.055 ; gain = 95.473
---------------------------------------------------------------------------------
INFO: [Synth 8-638] synthesizing module 'RCA_Demo' [C:/Users/msa.azzazy.AUC/single_cycle/single_cycle.srcs/sources_1/new/RCA_Demo.v:1]
INFO: [Synth 8-638] synthesizing module 'Four_Digit_Seven_Segment_Driver' [C:/Users/msa.azzazy.AUC/single_cycle/single_cycle.srcs/sources_1/new/Four_Digit.v:1]
INFO: [Synth 8-256] done synthesizing module 'Four_Digit_Seven_Segment_Driver' (1#1) [C:/Users/msa.azzazy.AUC/single_cycle/single_cycle.srcs/sources_1/new/Four_Digit.v:1]
INFO: [Synth 8-638] synthesizing module 'RCA' [C:/Users/msa.azzazy.AUC/single_cycle/single_cycle.srcs/sources_1/new/RCA.v:1]
	Parameter size bound to: 8 - type: integer 
	Parameter carryin bound to: 0 - type: integer 
INFO: [Synth 8-638] synthesizing module 'FullAdder' [C:/Users/msa.azzazy.AUC/single_cycle/single_cycle.srcs/sources_1/new/FullAdder.v:1]
INFO: [Synth 8-256] done synthesizing module 'FullAdder' (2#1) [C:/Users/msa.azzazy.AUC/single_cycle/single_cycle.srcs/sources_1/new/FullAdder.v:1]
INFO: [Synth 8-256] done synthesizing module 'RCA' (3#1) [C:/Users/msa.azzazy.AUC/single_cycle/single_cycle.srcs/sources_1/new/RCA.v:1]
INFO: [Synth 8-256] done synthesizing module 'RCA_Demo' (4#1) [C:/Users/msa.azzazy.AUC/single_cycle/single_cycle.srcs/sources_1/new/RCA_Demo.v:1]
---------------------------------------------------------------------------------
Finished RTL Elaboration : Time (s): cpu = 00:00:05 ; elapsed = 00:00:09 . Memory (MB): peak = 343.359 ; gain = 132.777
---------------------------------------------------------------------------------

Report Check Netlist: 
+------+------------------+-------+---------+-------+------------------+
|      |Item              |Errors |Warnings |Status |Description       |
+------+------------------+-------+---------+-------+------------------+
|1     |multi_driven_nets |      0|        0|Passed |Multi driven nets |
+------+------------------+-------+---------+-------+------------------+
---------------------------------------------------------------------------------
Finished RTL Optimization Phase 1 : Time (s): cpu = 00:00:05 ; elapsed = 00:00:09 . Memory (MB): peak = 343.359 ; gain = 132.777
---------------------------------------------------------------------------------
INFO: [Device 21-403] Loading part xc7a100tcsg324-1
INFO: [Project 1-570] Preparing netlist for logic optimization

Processing XDC Constraints
Initializing timing engine
Parsing XDC File [C:/Users/msa.azzazy.AUC/single_cycle/single_cycle.srcs/constrs_1/new/consts.xdc]
WARNING: [Vivado 12-584] No ports matched 'leds[15]'. [C:/Users/msa.azzazy.AUC/single_cycle/single_cycle.srcs/constrs_1/new/consts.xdc:23]
CRITICAL WARNING: [Common 17-55] 'set_property' expects at least one object. [C:/Users/msa.azzazy.AUC/single_cycle/single_cycle.srcs/constrs_1/new/consts.xdc:23]
Resolution: If [get_<value>] was used to populate the object, check to make sure this command returns at least one valid object.
WARNING: [Vivado 12-584] No ports matched 'leds[14]'. [C:/Users/msa.azzazy.AUC/single_cycle/single_cycle.srcs/constrs_1/new/consts.xdc:24]
CRITICAL WARNING: [Common 17-55] 'set_property' expects at least one object. [C:/Users/msa.azzazy.AUC/single_cycle/single_cycle.srcs/constrs_1/new/consts.xdc:24]
Resolution: If [get_<value>] was used to populate the object, check to make sure this command returns at least one valid object.
WARNING: [Vivado 12-584] No ports matched 'leds[13]'. [C:/Users/msa.azzazy.AUC/single_cycle/single_cycle.srcs/constrs_1/new/consts.xdc:25]
CRITICAL WARNING: [Common 17-55] 'set_property' expects at least one object. [C:/Users/msa.azzazy.AUC/single_cycle/single_cycle.srcs/constrs_1/new/consts.xdc:25]
Resolution: If [get_<value>] was used to populate the object, check to make sure this command returns at least one valid object.
WARNING: [Vivado 12-584] No ports matched 'leds[12]'. [C:/Users/msa.azzazy.AUC/single_cycle/single_cycle.srcs/constrs_1/new/consts.xdc:26]
CRITICAL WARNING: [Common 17-55] 'set_property' expects at least one object. [C:/Users/msa.azzazy.AUC/single_cycle/single_cycle.srcs/constrs_1/new/consts.xdc:26]
Resolution: If [get_<value>] was used to populate the object, check to make sure this command returns at least one valid object.
WARNING: [Vivado 12-584] No ports matched 'leds[11]'. [C:/Users/msa.azzazy.AUC/single_cycle/single_cycle.srcs/constrs_1/new/consts.xdc:27]
CRITICAL WARNING: [Common 17-55] 'set_property' expects at least one object. [C:/Users/msa.azzazy.AUC/single_cycle/single_cycle.srcs/constrs_1/new/consts.xdc:27]
Resolution: If [get_<value>] was used to populate the object, check to make sure this command returns at least one valid object.
WARNING: [Vivado 12-584] No ports matched 'leds[10]'. [C:/Users/msa.azzazy.AUC/single_cycle/single_cycle.srcs/constrs_1/new/consts.xdc:28]
CRITICAL WARNING: [Common 17-55] 'set_property' expects at least one object. [C:/Users/msa.azzazy.AUC/single_cycle/single_cycle.srcs/constrs_1/new/consts.xdc:28]
Resolution: If [get_<value>] was used to populate the object, check to make sure this command returns at least one valid object.
WARNING: [Vivado 12-584] No ports matched 'leds[9]'. [C:/Users/msa.azzazy.AUC/single_cycle/single_cycle.srcs/constrs_1/new/consts.xdc:29]
CRITICAL WARNING: [Common 17-55] 'set_property' expects at least one object. [C:/Users/msa.azzazy.AUC/single_cycle/single_cycle.srcs/constrs_1/new/consts.xdc:29]
Resolution: If [get_<value>] was used to populate the object, check to make sure this command returns at least one valid object.
WARNING: [Vivado 12-584] No ports matched 'leds[8]'. [C:/Users/msa.azzazy.AUC/single_cycle/single_cycle.srcs/constrs_1/new/consts.xdc:30]
CRITICAL WARNING: [Common 17-55] 'set_property' expects at least one object. [C:/Users/msa.azzazy.AUC/single_cycle/single_cycle.srcs/constrs_1/new/consts.xdc:30]
Resolution: If [get_<value>] was used to populate the object, check to make sure this command returns at least one valid object.
WARNING: [Vivado 12-584] No ports matched 'leds[7]'. [C:/Users/msa.azzazy.AUC/single_cycle/single_cycle.srcs/constrs_1/new/consts.xdc:31]
CRITICAL WARNING: [Common 17-55] 'set_property' expects at least one object. [C:/Users/msa.azzazy.AUC/single_cycle/single_cycle.srcs/constrs_1/new/consts.xdc:31]
Resolution: If [get_<value>] was used to populate the object, check to make sure this command returns at least one valid object.
WARNING: [Vivado 12-584] No ports matched 'leds[6]'. [C:/Users/msa.azzazy.AUC/single_cycle/single_cycle.srcs/constrs_1/new/consts.xdc:32]
CRITICAL WARNING: [Common 17-55] 'set_property' expects at least one object. [C:/Users/msa.azzazy.AUC/single_cycle/single_cycle.srcs/constrs_1/new/consts.xdc:32]
Resolution: If [get_<value>] was used to populate the object, check to make sure this command returns at least one valid object.
WARNING: [Vivado 12-584] No ports matched 'leds[5]'. [C:/Users/msa.azzazy.AUC/single_cycle/single_cycle.srcs/constrs_1/new/consts.xdc:33]
CRITICAL WARNING: [Common 17-55] 'set_property' expects at least one object. [C:/Users/msa.azzazy.AUC/single_cycle/single_cycle.srcs/constrs_1/new/consts.xdc:33]
Resolution: If [get_<value>] was used to populate the object, check to make sure this command returns at least one valid object.
WARNING: [Vivado 12-584] No ports matched 'leds[4]'. [C:/Users/msa.azzazy.AUC/single_cycle/single_cycle.srcs/constrs_1/new/consts.xdc:34]
CRITICAL WARNING: [Common 17-55] 'set_property' expects at least one object. [C:/Users/msa.azzazy.AUC/single_cycle/single_cycle.srcs/constrs_1/new/consts.xdc:34]
Resolution: If [get_<value>] was used to populate the object, check to make sure this command returns at least one valid object.
WARNING: [Vivado 12-584] No ports matched 'leds[3]'. [C:/Users/msa.azzazy.AUC/single_cycle/single_cycle.srcs/constrs_1/new/consts.xdc:35]
CRITICAL WARNING: [Common 17-55] 'set_property' expects at least one object. [C:/Users/msa.azzazy.AUC/single_cycle/single_cycle.srcs/constrs_1/new/consts.xdc:35]
Resolution: If [get_<value>] was used to populate the object, check to make sure this command returns at least one valid object.
WARNING: [Vivado 12-584] No ports matched 'leds[2]'. [C:/Users/msa.azzazy.AUC/single_cycle/single_cycle.srcs/constrs_1/new/consts.xdc:36]
CRITICAL WARNING: [Common 17-55] 'set_property' expects at least one object. [C:/Users/msa.azzazy.AUC/single_cycle/single_cycle.srcs/constrs_1/new/consts.xdc:36]
Resolution: If [get_<value>] was used to populate the object, check to make sure this command returns at least one valid object.
WARNING: [Vivado 12-584] No ports matched 'leds[1]'. [C:/Users/msa.azzazy.AUC/single_cycle/single_cycle.srcs/constrs_1/new/consts.xdc:37]
CRITICAL WARNING: [Common 17-55] 'set_property' expects at least one object. [C:/Users/msa.azzazy.AUC/single_cycle/single_cycle.srcs/constrs_1/new/consts.xdc:37]
Resolution: If [get_<value>] was used to populate the object, check to make sure this command returns at least one valid object.
WARNING: [Vivado 12-584] No ports matched 'leds[0]'. [C:/Users/msa.azzazy.AUC/single_cycle/single_cycle.srcs/constrs_1/new/consts.xdc:38]
CRITICAL WARNING: [Common 17-55] 'set_property' expects at least one object. [C:/Users/msa.azzazy.AUC/single_cycle/single_cycle.srcs/constrs_1/new/consts.xdc:38]
Resolution: If [get_<value>] was used to populate the object, check to make sure this command returns at least one valid object.
WARNING: [Vivado 12-584] No ports matched 'leds[15]'. [C:/Users/msa.azzazy.AUC/single_cycle/single_cycle.srcs/constrs_1/new/consts.xdc:39]
CRITICAL WARNING: [Common 17-55] 'set_property' expects at least one object. [C:/Users/msa.azzazy.AUC/single_cycle/single_cycle.srcs/constrs_1/new/consts.xdc:39]
Resolution: If [get_<value>] was used to populate the object, check to make sure this command returns at least one valid object.
WARNING: [Vivado 12-584] No ports matched 'leds[14]'. [C:/Users/msa.azzazy.AUC/single_cycle/single_cycle.srcs/constrs_1/new/consts.xdc:40]
CRITICAL WARNING: [Common 17-55] 'set_property' expects at least one object. [C:/Users/msa.azzazy.AUC/single_cycle/single_cycle.srcs/constrs_1/new/consts.xdc:40]
Resolution: If [get_<value>] was used to populate the object, check to make sure this command returns at least one valid object.
WARNING: [Vivado 12-584] No ports matched 'leds[13]'. [C:/Users/msa.azzazy.AUC/single_cycle/single_cycle.srcs/constrs_1/new/consts.xdc:41]
CRITICAL WARNING: [Common 17-55] 'set_property' expects at least one object. [C:/Users/msa.azzazy.AUC/single_cycle/single_cycle.srcs/constrs_1/new/consts.xdc:41]
Resolution: If [get_<value>] was used to populate the object, check to make sure this command returns at least one valid object.
WARNING: [Vivado 12-584] No ports matched 'leds[12]'. [C:/Users/msa.azzazy.AUC/single_cycle/single_cycle.srcs/constrs_1/new/consts.xdc:42]
CRITICAL WARNING: [Common 17-55] 'set_property' expects at least one object. [C:/Users/msa.azzazy.AUC/single_cycle/single_cycle.srcs/constrs_1/new/consts.xdc:42]
Resolution: If [get_<value>] was used to populate the object, check to make sure this command returns at least one valid object.
WARNING: [Vivado 12-584] No ports matched 'leds[11]'. [C:/Users/msa.azzazy.AUC/single_cycle/single_cycle.srcs/constrs_1/new/consts.xdc:43]
CRITICAL WARNING: [Common 17-55] 'set_property' expects at least one object. [C:/Users/msa.azzazy.AUC/single_cycle/single_cycle.srcs/constrs_1/new/consts.xdc:43]
Resolution: If [get_<value>] was used to populate the object, check to make sure this command returns at least one valid object.
WARNING: [Vivado 12-584] No ports matched 'leds[10]'. [C:/Users/msa.azzazy.AUC/single_cycle/single_cycle.srcs/constrs_1/new/consts.xdc:44]
CRITICAL WARNING: [Common 17-55] 'set_property' expects at least one object. [C:/Users/msa.azzazy.AUC/single_cycle/single_cycle.srcs/constrs_1/new/consts.xdc:44]
Resolution: If [get_<value>] was used to populate the object, check to make sure this command returns at least one valid object.
WARNING: [Vivado 12-584] No ports matched 'leds[9]'. [C:/Users/msa.azzazy.AUC/single_cycle/single_cycle.srcs/constrs_1/new/consts.xdc:45]
CRITICAL WARNING: [Common 17-55] 'set_property' expects at least one object. [C:/Users/msa.azzazy.AUC/single_cycle/single_cycle.srcs/constrs_1/new/consts.xdc:45]
Resolution: If [get_<value>] was used to populate the object, check to make sure this command returns at least one valid object.
WARNING: [Vivado 12-584] No ports matched 'leds[8]'. [C:/Users/msa.azzazy.AUC/single_cycle/single_cycle.srcs/constrs_1/new/consts.xdc:46]
CRITICAL WARNING: [Common 17-55] 'set_property' expects at least one object. [C:/Users/msa.azzazy.AUC/single_cycle/single_cycle.srcs/constrs_1/new/consts.xdc:46]
Resolution: If [get_<value>] was used to populate the object, check to make sure this command returns at least one valid object.
WARNING: [Vivado 12-584] No ports matched 'leds[7]'. [C:/Users/msa.azzazy.AUC/single_cycle/single_cycle.srcs/constrs_1/new/consts.xdc:47]
CRITICAL WARNING: [Common 17-55] 'set_property' expects at least one object. [C:/Users/msa.azzazy.AUC/single_cycle/single_cycle.srcs/constrs_1/new/consts.xdc:47]
Resolution: If [get_<value>] was used to populate the object, check to make sure this command returns at least one valid object.
WARNING: [Vivado 12-584] No ports matched 'leds[6]'. [C:/Users/msa.azzazy.AUC/single_cycle/single_cycle.srcs/constrs_1/new/consts.xdc:48]
CRITICAL WARNING: [Common 17-55] 'set_property' expects at least one object. [C:/Users/msa.azzazy.AUC/single_cycle/single_cycle.srcs/constrs_1/new/consts.xdc:48]
Resolution: If [get_<value>] was used to populate the object, check to make sure this command returns at least one valid object.
WARNING: [Vivado 12-584] No ports matched 'leds[5]'. [C:/Users/msa.azzazy.AUC/single_cycle/single_cycle.srcs/constrs_1/new/consts.xdc:49]
CRITICAL WARNING: [Common 17-55] 'set_property' expects at least one object. [C:/Users/msa.azzazy.AUC/single_cycle/single_cycle.srcs/constrs_1/new/consts.xdc:49]
Resolution: If [get_<value>] was used to populate the object, check to make sure this command returns at least one valid object.
WARNING: [Vivado 12-584] No ports matched 'leds[4]'. [C:/Users/msa.azzazy.AUC/single_cycle/single_cycle.srcs/constrs_1/new/consts.xdc:50]
CRITICAL WARNING: [Common 17-55] 'set_property' expects at least one object. [C:/Users/msa.azzazy.AUC/single_cycle/single_cycle.srcs/constrs_1/new/consts.xdc:50]
Resolution: If [get_<value>] was used to populate the object, check to make sure this command returns at least one valid object.
WARNING: [Vivado 12-584] No ports matched 'leds[3]'. [C:/Users/msa.azzazy.AUC/single_cycle/single_cycle.srcs/constrs_1/new/consts.xdc:51]
CRITICAL WARNING: [Common 17-55] 'set_property' expects at least one object. [C:/Users/msa.azzazy.AUC/single_cycle/single_cycle.srcs/constrs_1/new/consts.xdc:51]
Resolution: If [get_<value>] was used to populate the object, check to make sure this command returns at least one valid object.
WARNING: [Vivado 12-584] No ports matched 'leds[2]'. [C:/Users/msa.azzazy.AUC/single_cycle/single_cycle.srcs/constrs_1/new/consts.xdc:52]
CRITICAL WARNING: [Common 17-55] 'set_property' expects at least one object. [C:/Users/msa.azzazy.AUC/single_cycle/single_cycle.srcs/constrs_1/new/consts.xdc:52]
Resolution: If [get_<value>] was used to populate the object, check to make sure this command returns at least one valid object.
WARNING: [Vivado 12-584] No ports matched 'leds[1]'. [C:/Users/msa.azzazy.AUC/single_cycle/single_cycle.srcs/constrs_1/new/consts.xdc:53]
CRITICAL WARNING: [Common 17-55] 'set_property' expects at least one object. [C:/Users/msa.azzazy.AUC/single_cycle/single_cycle.srcs/constrs_1/new/consts.xdc:53]
Resolution: If [get_<value>] was used to populate the object, check to make sure this command returns at least one valid object.
WARNING: [Vivado 12-584] No ports matched 'leds[0]'. [C:/Users/msa.azzazy.AUC/single_cycle/single_cycle.srcs/constrs_1/new/consts.xdc:54]
CRITICAL WARNING: [Common 17-55] 'set_property' expects at least one object. [C:/Users/msa.azzazy.AUC/single_cycle/single_cycle.srcs/constrs_1/new/consts.xdc:54]
Resolution: If [get_<value>] was used to populate the object, check to make sure this command returns at least one valid object.
WARNING: [Vivado 12-584] No ports matched 'ledSel[0]'. [C:/Users/msa.azzazy.AUC/single_cycle/single_cycle.srcs/constrs_1/new/consts.xdc:55]
CRITICAL WARNING: [Common 17-55] 'set_property' expects at least one object. [C:/Users/msa.azzazy.AUC/single_cycle/single_cycle.srcs/constrs_1/new/consts.xdc:55]
Resolution: If [get_<value>] was used to populate the object, check to make sure this command returns at least one valid object.
WARNING: [Vivado 12-584] No ports matched 'ledSel[1]'. [C:/Users/msa.azzazy.AUC/single_cycle/single_cycle.srcs/constrs_1/new/consts.xdc:56]
CRITICAL WARNING: [Common 17-55] 'set_property' expects at least one object. [C:/Users/msa.azzazy.AUC/single_cycle/single_cycle.srcs/constrs_1/new/consts.xdc:56]
Resolution: If [get_<value>] was used to populate the object, check to make sure this command returns at least one valid object.
WARNING: [Vivado 12-584] No ports matched 'ledSel[1]'. [C:/Users/msa.azzazy.AUC/single_cycle/single_cycle.srcs/constrs_1/new/consts.xdc:57]
CRITICAL WARNING: [Common 17-55] 'set_property' expects at least one object. [C:/Users/msa.azzazy.AUC/single_cycle/single_cycle.srcs/constrs_1/new/consts.xdc:57]
Resolution: If [get_<value>] was used to populate the object, check to make sure this command returns at least one valid object.
WARNING: [Vivado 12-584] No ports matched 'ledSel[0]'. [C:/Users/msa.azzazy.AUC/single_cycle/single_cycle.srcs/constrs_1/new/consts.xdc:58]
CRITICAL WARNING: [Common 17-55] 'set_property' expects at least one object. [C:/Users/msa.azzazy.AUC/single_cycle/single_cycle.srcs/constrs_1/new/consts.xdc:58]
Resolution: If [get_<value>] was used to populate the object, check to make sure this command returns at least one valid object.
WARNING: [Vivado 12-584] No ports matched 'ssdSel[0]'. [C:/Users/msa.azzazy.AUC/single_cycle/single_cycle.srcs/constrs_1/new/consts.xdc:59]
CRITICAL WARNING: [Common 17-55] 'set_property' expects at least one object. [C:/Users/msa.azzazy.AUC/single_cycle/single_cycle.srcs/constrs_1/new/consts.xdc:59]
Resolution: If [get_<value>] was used to populate the object, check to make sure this command returns at least one valid object.
WARNING: [Vivado 12-584] No ports matched 'ssdSel[1]'. [C:/Users/msa.azzazy.AUC/single_cycle/single_cycle.srcs/constrs_1/new/consts.xdc:60]
CRITICAL WARNING: [Common 17-55] 'set_property' expects at least one object. [C:/Users/msa.azzazy.AUC/single_cycle/single_cycle.srcs/constrs_1/new/consts.xdc:60]
Resolution: If [get_<value>] was used to populate the object, check to make sure this command returns at least one valid object.
WARNING: [Vivado 12-584] No ports matched 'ssdSel[2]'. [C:/Users/msa.azzazy.AUC/single_cycle/single_cycle.srcs/constrs_1/new/consts.xdc:61]
CRITICAL WARNING: [Common 17-55] 'set_property' expects at least one object. [C:/Users/msa.azzazy.AUC/single_cycle/single_cycle.srcs/constrs_1/new/consts.xdc:61]
Resolution: If [get_<value>] was used to populate the object, check to make sure this command returns at least one valid object.
WARNING: [Vivado 12-584] No ports matched 'ssdSel[3]'. [C:/Users/msa.azzazy.AUC/single_cycle/single_cycle.srcs/constrs_1/new/consts.xdc:62]
CRITICAL WARNING: [Common 17-55] 'set_property' expects at least one object. [C:/Users/msa.azzazy.AUC/single_cycle/single_cycle.srcs/constrs_1/new/consts.xdc:62]
Resolution: If [get_<value>] was used to populate the object, check to make sure this command returns at least one valid object.
WARNING: [Vivado 12-584] No ports matched 'ssdSel[3]'. [C:/Users/msa.azzazy.AUC/single_cycle/single_cycle.srcs/constrs_1/new/consts.xdc:63]
CRITICAL WARNING: [Common 17-55] 'set_property' expects at least one object. [C:/Users/msa.azzazy.AUC/single_cycle/single_cycle.srcs/constrs_1/new/consts.xdc:63]
Resolution: If [get_<value>] was used to populate the object, check to make sure this command returns at least one valid object.
WARNING: [Vivado 12-584] No ports matched 'ssdSel[2]'. [C:/Users/msa.azzazy.AUC/single_cycle/single_cycle.srcs/constrs_1/new/consts.xdc:64]
CRITICAL WARNING: [Common 17-55] 'set_property' expects at least one object. [C:/Users/msa.azzazy.AUC/single_cycle/single_cycle.srcs/constrs_1/new/consts.xdc:64]
Resolution: If [get_<value>] was used to populate the object, check to make sure this command returns at least one valid object.
WARNING: [Vivado 12-584] No ports matched 'ssdSel[1]'. [C:/Users/msa.azzazy.AUC/single_cycle/single_cycle.srcs/constrs_1/new/consts.xdc:65]
CRITICAL WARNING: [Common 17-55] 'set_property' expects at least one object. [C:/Users/msa.azzazy.AUC/single_cycle/single_cycle.srcs/constrs_1/new/consts.xdc:65]
Resolution: If [get_<value>] was used to populate the object, check to make sure this command returns at least one valid object.
WARNING: [Vivado 12-584] No ports matched 'ssdSel[0]'. [C:/Users/msa.azzazy.AUC/single_cycle/single_cycle.srcs/constrs_1/new/consts.xdc:66]
CRITICAL WARNING: [Common 17-55] 'set_property' expects at least one object. [C:/Users/msa.azzazy.AUC/single_cycle/single_cycle.srcs/constrs_1/new/consts.xdc:66]
Resolution: If [get_<value>] was used to populate the object, check to make sure this command returns at least one valid object.
WARNING: [Vivado 12-584] No ports matched 'rst'. [C:/Users/msa.azzazy.AUC/single_cycle/single_cycle.srcs/constrs_1/new/consts.xdc:69]
CRITICAL WARNING: [Common 17-55] 'set_property' expects at least one object. [C:/Users/msa.azzazy.AUC/single_cycle/single_cycle.srcs/constrs_1/new/consts.xdc:69]
Resolution: If [get_<value>] was used to populate the object, check to make sure this command returns at least one valid object.
WARNING: [Vivado 12-584] No ports matched 'clk_sevenSeg'. [C:/Users/msa.azzazy.AUC/single_cycle/single_cycle.srcs/constrs_1/new/consts.xdc:70]
CRITICAL WARNING: [Common 17-55] 'set_property' expects at least one object. [C:/Users/msa.azzazy.AUC/single_cycle/single_cycle.srcs/constrs_1/new/consts.xdc:70]
Resolution: If [get_<value>] was used to populate the object, check to make sure this command returns at least one valid object.
WARNING: [Vivado 12-584] No ports matched 'clk_sevenSeg'. [C:/Users/msa.azzazy.AUC/single_cycle/single_cycle.srcs/constrs_1/new/consts.xdc:73]
CRITICAL WARNING: [Common 17-55] 'set_property' expects at least one object. [C:/Users/msa.azzazy.AUC/single_cycle/single_cycle.srcs/constrs_1/new/consts.xdc:73]
Resolution: If [get_<value>] was used to populate the object, check to make sure this command returns at least one valid object.
WARNING: [Vivado 12-584] No ports matched 'rst'. [C:/Users/msa.azzazy.AUC/single_cycle/single_cycle.srcs/constrs_1/new/consts.xdc:74]
CRITICAL WARNING: [Common 17-55] 'set_property' expects at least one object. [C:/Users/msa.azzazy.AUC/single_cycle/single_cycle.srcs/constrs_1/new/consts.xdc:74]
Resolution: If [get_<value>] was used to populate the object, check to make sure this command returns at least one valid object.
Finished Parsing XDC File [C:/Users/msa.azzazy.AUC/single_cycle/single_cycle.srcs/constrs_1/new/consts.xdc]
INFO: [Project 1-236] Implementation specific constraints were found while reading constraint file [C:/Users/msa.azzazy.AUC/single_cycle/single_cycle.srcs/constrs_1/new/consts.xdc]. These constraints will be ignored for synthesis but will be used in implementation. Impacted constraints are listed in the file [.Xil/RCA_Demo_propImpl.xdc].
Resolution: To avoid this warning, move constraints listed in [.Xil/RCA_Demo_propImpl.xdc] to another XDC file and exclude this new file from synthesis with the used_in_synthesis property (File Properties dialog in GUI) and re-run elaboration/synthesis.
Parsing XDC File [C:/Users/msa.azzazy.AUC/single_cycle/single_cycle.srcs/constrs_1/new/inv_consts.xdc]
Finished Parsing XDC File [C:/Users/msa.azzazy.AUC/single_cycle/single_cycle.srcs/constrs_1/new/inv_consts.xdc]
INFO: [Project 1-236] Implementation specific constraints were found while reading constraint file [C:/Users/msa.azzazy.AUC/single_cycle/single_cycle.srcs/constrs_1/new/inv_consts.xdc]. These constraints will be ignored for synthesis but will be used in implementation. Impacted constraints are listed in the file [.Xil/RCA_Demo_propImpl.xdc].
Resolution: To avoid this warning, move constraints listed in [.Xil/RCA_Demo_propImpl.xdc] to another XDC file and exclude this new file from synthesis with the used_in_synthesis property (File Properties dialog in GUI) and re-run elaboration/synthesis.
Parsing XDC File [C:/Users/msa.azzazy.AUC/single_cycle/single_cycle.srcs/constrs_1/new/ssd_consts.xdc]
WARNING: [Vivado 12-584] No ports matched 'ssd[0]'. [C:/Users/msa.azzazy.AUC/single_cycle/single_cycle.srcs/constrs_1/new/ssd_consts.xdc:25]
CRITICAL WARNING: [Common 17-55] 'set_property' expects at least one object. [C:/Users/msa.azzazy.AUC/single_cycle/single_cycle.srcs/constrs_1/new/ssd_consts.xdc:25]
Resolution: If [get_<value>] was used to populate the object, check to make sure this command returns at least one valid object.
WARNING: [Vivado 12-584] No ports matched 'ssd[1]'. [C:/Users/msa.azzazy.AUC/single_cycle/single_cycle.srcs/constrs_1/new/ssd_consts.xdc:26]
CRITICAL WARNING: [Common 17-55] 'set_property' expects at least one object. [C:/Users/msa.azzazy.AUC/single_cycle/single_cycle.srcs/constrs_1/new/ssd_consts.xdc:26]
Resolution: If [get_<value>] was used to populate the object, check to make sure this command returns at least one valid object.
WARNING: [Vivado 12-584] No ports matched 'ssd[2]'. [C:/Users/msa.azzazy.AUC/single_cycle/single_cycle.srcs/constrs_1/new/ssd_consts.xdc:27]
CRITICAL WARNING: [Common 17-55] 'set_property' expects at least one object. [C:/Users/msa.azzazy.AUC/single_cycle/single_cycle.srcs/constrs_1/new/ssd_consts.xdc:27]
Resolution: If [get_<value>] was used to populate the object, check to make sure this command returns at least one valid object.
WARNING: [Vivado 12-584] No ports matched 'ssd[3]'. [C:/Users/msa.azzazy.AUC/single_cycle/single_cycle.srcs/constrs_1/new/ssd_consts.xdc:28]
CRITICAL WARNING: [Common 17-55] 'set_property' expects at least one object. [C:/Users/msa.azzazy.AUC/single_cycle/single_cycle.srcs/constrs_1/new/ssd_consts.xdc:28]
Resolution: If [get_<value>] was used to populate the object, check to make sure this command returns at least one valid object.
WARNING: [Vivado 12-584] No ports matched 'ssd[4]'. [C:/Users/msa.azzazy.AUC/single_cycle/single_cycle.srcs/constrs_1/new/ssd_consts.xdc:29]
CRITICAL WARNING: [Common 17-55] 'set_property' expects at least one object. [C:/Users/msa.azzazy.AUC/single_cycle/single_cycle.srcs/constrs_1/new/ssd_consts.xdc:29]
Resolution: If [get_<value>] was used to populate the object, check to make sure this command returns at least one valid object.
WARNING: [Vivado 12-584] No ports matched 'ssd[5]'. [C:/Users/msa.azzazy.AUC/single_cycle/single_cycle.srcs/constrs_1/new/ssd_consts.xdc:30]
CRITICAL WARNING: [Common 17-55] 'set_property' expects at least one object. [C:/Users/msa.azzazy.AUC/single_cycle/single_cycle.srcs/constrs_1/new/ssd_consts.xdc:30]
Resolution: If [get_<value>] was used to populate the object, check to make sure this command returns at least one valid object.
WARNING: [Vivado 12-584] No ports matched 'ssd[6]'. [C:/Users/msa.azzazy.AUC/single_cycle/single_cycle.srcs/constrs_1/new/ssd_consts.xdc:31]
CRITICAL WARNING: [Common 17-55] 'set_property' expects at least one object. [C:/Users/msa.azzazy.AUC/single_cycle/single_cycle.srcs/constrs_1/new/ssd_consts.xdc:31]
Resolution: If [get_<value>] was used to populate the object, check to make sure this command returns at least one valid object.
WARNING: [Vivado 12-584] No ports matched 'ssd[7]'. [C:/Users/msa.azzazy.AUC/single_cycle/single_cycle.srcs/constrs_1/new/ssd_consts.xdc:32]
CRITICAL WARNING: [Common 17-55] 'set_property' expects at least one object. [C:/Users/msa.azzazy.AUC/single_cycle/single_cycle.srcs/constrs_1/new/ssd_consts.xdc:32]
Resolution: If [get_<value>] was used to populate the object, check to make sure this command returns at least one valid object.
WARNING: [Vivado 12-584] No ports matched 'ssd[8]'. [C:/Users/msa.azzazy.AUC/single_cycle/single_cycle.srcs/constrs_1/new/ssd_consts.xdc:33]
CRITICAL WARNING: [Common 17-55] 'set_property' expects at least one object. [C:/Users/msa.azzazy.AUC/single_cycle/single_cycle.srcs/constrs_1/new/ssd_consts.xdc:33]
Resolution: If [get_<value>] was used to populate the object, check to make sure this command returns at least one valid object.
WARNING: [Vivado 12-584] No ports matched 'ssd[9]'. [C:/Users/msa.azzazy.AUC/single_cycle/single_cycle.srcs/constrs_1/new/ssd_consts.xdc:34]
CRITICAL WARNING: [Common 17-55] 'set_property' expects at least one object. [C:/Users/msa.azzazy.AUC/single_cycle/single_cycle.srcs/constrs_1/new/ssd_consts.xdc:34]
Resolution: If [get_<value>] was used to populate the object, check to make sure this command returns at least one valid object.
WARNING: [Vivado 12-584] No ports matched 'ssd[10]'. [C:/Users/msa.azzazy.AUC/single_cycle/single_cycle.srcs/constrs_1/new/ssd_consts.xdc:35]
CRITICAL WARNING: [Common 17-55] 'set_property' expects at least one object. [C:/Users/msa.azzazy.AUC/single_cycle/single_cycle.srcs/constrs_1/new/ssd_consts.xdc:35]
Resolution: If [get_<value>] was used to populate the object, check to make sure this command returns at least one valid object.
WARNING: [Vivado 12-584] No ports matched 'ssd[11]'. [C:/Users/msa.azzazy.AUC/single_cycle/single_cycle.srcs/constrs_1/new/ssd_consts.xdc:36]
CRITICAL WARNING: [Common 17-55] 'set_property' expects at least one object. [C:/Users/msa.azzazy.AUC/single_cycle/single_cycle.srcs/constrs_1/new/ssd_consts.xdc:36]
Resolution: If [get_<value>] was used to populate the object, check to make sure this command returns at least one valid object.
WARNING: [Vivado 12-584] No ports matched 'ssd[12]'. [C:/Users/msa.azzazy.AUC/single_cycle/single_cycle.srcs/constrs_1/new/ssd_consts.xdc:37]
CRITICAL WARNING: [Common 17-55] 'set_property' expects at least one object. [C:/Users/msa.azzazy.AUC/single_cycle/single_cycle.srcs/constrs_1/new/ssd_consts.xdc:37]
Resolution: If [get_<value>] was used to populate the object, check to make sure this command returns at least one valid object.
WARNING: [Vivado 12-584] No ports matched 'ssd[12]'. [C:/Users/msa.azzazy.AUC/single_cycle/single_cycle.srcs/constrs_1/new/ssd_consts.xdc:38]
CRITICAL WARNING: [Common 17-55] 'set_property' expects at least one object. [C:/Users/msa.azzazy.AUC/single_cycle/single_cycle.srcs/constrs_1/new/ssd_consts.xdc:38]
Resolution: If [get_<value>] was used to populate the object, check to make sure this command returns at least one valid object.
WARNING: [Vivado 12-584] No ports matched 'ssd[11]'. [C:/Users/msa.azzazy.AUC/single_cycle/single_cycle.srcs/constrs_1/new/ssd_consts.xdc:39]
CRITICAL WARNING: [Common 17-55] 'set_property' expects at least one object. [C:/Users/msa.azzazy.AUC/single_cycle/single_cycle.srcs/constrs_1/new/ssd_consts.xdc:39]
Resolution: If [get_<value>] was used to populate the object, check to make sure this command returns at least one valid object.
WARNING: [Vivado 12-584] No ports matched 'ssd[10]'. [C:/Users/msa.azzazy.AUC/single_cycle/single_cycle.srcs/constrs_1/new/ssd_consts.xdc:40]
CRITICAL WARNING: [Common 17-55] 'set_property' expects at least one object. [C:/Users/msa.azzazy.AUC/single_cycle/single_cycle.srcs/constrs_1/new/ssd_consts.xdc:40]
Resolution: If [get_<value>] was used to populate the object, check to make sure this command returns at least one valid object.
WARNING: [Vivado 12-584] No ports matched 'ssd[9]'. [C:/Users/msa.azzazy.AUC/single_cycle/single_cycle.srcs/constrs_1/new/ssd_consts.xdc:41]
CRITICAL WARNING: [Common 17-55] 'set_property' expects at least one object. [C:/Users/msa.azzazy.AUC/single_cycle/single_cycle.srcs/constrs_1/new/ssd_consts.xdc:41]
Resolution: If [get_<value>] was used to populate the object, check to make sure this command returns at least one valid object.
WARNING: [Vivado 12-584] No ports matched 'ssd[8]'. [C:/Users/msa.azzazy.AUC/single_cycle/single_cycle.srcs/constrs_1/new/ssd_consts.xdc:42]
CRITICAL WARNING: [Common 17-55] 'set_property' expects at least one object. [C:/Users/msa.azzazy.AUC/single_cycle/single_cycle.srcs/constrs_1/new/ssd_consts.xdc:42]
Resolution: If [get_<value>] was used to populate the object, check to make sure this command returns at least one valid object.
WARNING: [Vivado 12-584] No ports matched 'ssd[7]'. [C:/Users/msa.azzazy.AUC/single_cycle/single_cycle.srcs/constrs_1/new/ssd_consts.xdc:43]
CRITICAL WARNING: [Common 17-55] 'set_property' expects at least one object. [C:/Users/msa.azzazy.AUC/single_cycle/single_cycle.srcs/constrs_1/new/ssd_consts.xdc:43]
Resolution: If [get_<value>] was used to populate the object, check to make sure this command returns at least one valid object.
WARNING: [Vivado 12-584] No ports matched 'ssd[6]'. [C:/Users/msa.azzazy.AUC/single_cycle/single_cycle.srcs/constrs_1/new/ssd_consts.xdc:44]
CRITICAL WARNING: [Common 17-55] 'set_property' expects at least one object. [C:/Users/msa.azzazy.AUC/single_cycle/single_cycle.srcs/constrs_1/new/ssd_consts.xdc:44]
Resolution: If [get_<value>] was used to populate the object, check to make sure this command returns at least one valid object.
WARNING: [Vivado 12-584] No ports matched 'ssd[5]'. [C:/Users/msa.azzazy.AUC/single_cycle/single_cycle.srcs/constrs_1/new/ssd_consts.xdc:45]
CRITICAL WARNING: [Common 17-55] 'set_property' expects at least one object. [C:/Users/msa.azzazy.AUC/single_cycle/single_cycle.srcs/constrs_1/new/ssd_consts.xdc:45]
Resolution: If [get_<value>] was used to populate the object, check to make sure this command returns at least one valid object.
WARNING: [Vivado 12-584] No ports matched 'ssd[4]'. [C:/Users/msa.azzazy.AUC/single_cycle/single_cycle.srcs/constrs_1/new/ssd_consts.xdc:46]
CRITICAL WARNING: [Common 17-55] 'set_property' expects at least one object. [C:/Users/msa.azzazy.AUC/single_cycle/single_cycle.srcs/constrs_1/new/ssd_consts.xdc:46]
Resolution: If [get_<value>] was used to populate the object, check to make sure this command returns at least one valid object.
WARNING: [Vivado 12-584] No ports matched 'ssd[3]'. [C:/Users/msa.azzazy.AUC/single_cycle/single_cycle.srcs/constrs_1/new/ssd_consts.xdc:47]
CRITICAL WARNING: [Common 17-55] 'set_property' expects at least one object. [C:/Users/msa.azzazy.AUC/single_cycle/single_cycle.srcs/constrs_1/new/ssd_consts.xdc:47]
Resolution: If [get_<value>] was used to populate the object, check to make sure this command returns at least one valid object.
WARNING: [Vivado 12-584] No ports matched 'ssd[2]'. [C:/Users/msa.azzazy.AUC/single_cycle/single_cycle.srcs/constrs_1/new/ssd_consts.xdc:48]
CRITICAL WARNING: [Common 17-55] 'set_property' expects at least one object. [C:/Users/msa.azzazy.AUC/single_cycle/single_cycle.srcs/constrs_1/new/ssd_consts.xdc:48]
Resolution: If [get_<value>] was used to populate the object, check to make sure this command returns at least one valid object.
WARNING: [Vivado 12-584] No ports matched 'ssd[1]'. [C:/Users/msa.azzazy.AUC/single_cycle/single_cycle.srcs/constrs_1/new/ssd_consts.xdc:49]
CRITICAL WARNING: [Common 17-55] 'set_property' expects at least one object. [C:/Users/msa.azzazy.AUC/single_cycle/single_cycle.srcs/constrs_1/new/ssd_consts.xdc:49]
Resolution: If [get_<value>] was used to populate the object, check to make sure this command returns at least one valid object.
WARNING: [Vivado 12-584] No ports matched 'ssd[0]'. [C:/Users/msa.azzazy.AUC/single_cycle/single_cycle.srcs/constrs_1/new/ssd_consts.xdc:50]
CRITICAL WARNING: [Common 17-55] 'set_property' expects at least one object. [C:/Users/msa.azzazy.AUC/single_cycle/single_cycle.srcs/constrs_1/new/ssd_consts.xdc:50]
Resolution: If [get_<value>] was used to populate the object, check to make sure this command returns at least one valid object.
Finished Parsing XDC File [C:/Users/msa.azzazy.AUC/single_cycle/single_cycle.srcs/constrs_1/new/ssd_consts.xdc]
INFO: [Project 1-236] Implementation specific constraints were found while reading constraint file [C:/Users/msa.azzazy.AUC/single_cycle/single_cycle.srcs/constrs_1/new/ssd_consts.xdc]. These constraints will be ignored for synthesis but will be used in implementation. Impacted constraints are listed in the file [.Xil/RCA_Demo_propImpl.xdc].
Resolution: To avoid this warning, move constraints listed in [.Xil/RCA_Demo_propImpl.xdc] to another XDC file and exclude this new file from synthesis with the used_in_synthesis property (File Properties dialog in GUI) and re-run elaboration/synthesis.
Parsing XDC File [C:/Users/msa.azzazy.AUC/single_cycle/single_cycle.srcs/constrs_1/new/rca_consts.xdc]
Finished Parsing XDC File [C:/Users/msa.azzazy.AUC/single_cycle/single_cycle.srcs/constrs_1/new/rca_consts.xdc]
INFO: [Project 1-236] Implementation specific constraints were found while reading constraint file [C:/Users/msa.azzazy.AUC/single_cycle/single_cycle.srcs/constrs_1/new/rca_consts.xdc]. These constraints will be ignored for synthesis but will be used in implementation. Impacted constraints are listed in the file [.Xil/RCA_Demo_propImpl.xdc].
Resolution: To avoid this warning, move constraints listed in [.Xil/RCA_Demo_propImpl.xdc] to another XDC file and exclude this new file from synthesis with the used_in_synthesis property (File Properties dialog in GUI) and re-run elaboration/synthesis.
Completed Processing XDC Constraints

INFO: [Project 1-111] Unisim Transformation Summary:
No Unisim elements were transformed.

Constraint Validation Runtime : Time (s): cpu = 00:00:00 ; elapsed = 00:00:00.003 . Memory (MB): peak = 643.125 ; gain = 0.000
---------------------------------------------------------------------------------
Finished Constraint Validation : Time (s): cpu = 00:00:12 ; elapsed = 00:00:17 . Memory (MB): peak = 643.125 ; gain = 432.543
---------------------------------------------------------------------------------
---------------------------------------------------------------------------------
Start Loading Part and Timing Information
---------------------------------------------------------------------------------
Loading part: xc7a100tcsg324-1
---------------------------------------------------------------------------------
Finished Loading Part and Timing Information : Time (s): cpu = 00:00:12 ; elapsed = 00:00:17 . Memory (MB): peak = 643.125 ; gain = 432.543
---------------------------------------------------------------------------------
---------------------------------------------------------------------------------
Start Applying 'set_property' XDC Constraints
---------------------------------------------------------------------------------
---------------------------------------------------------------------------------
Finished applying 'set_property' XDC Constraints : Time (s): cpu = 00:00:12 ; elapsed = 00:00:17 . Memory (MB): peak = 643.125 ; gain = 432.543
---------------------------------------------------------------------------------
---------------------------------------------------------------------------------
Finished RTL Optimization Phase 2 : Time (s): cpu = 00:00:12 ; elapsed = 00:00:17 . Memory (MB): peak = 643.125 ; gain = 432.543
---------------------------------------------------------------------------------

Report RTL Partitions: 
+-+--------------+------------+----------+
| |RTL Partition |Replication |Instances |
+-+--------------+------------+----------+
+-+--------------+------------+----------+
---------------------------------------------------------------------------------
Start RTL Component Statistics 
---------------------------------------------------------------------------------
Detailed RTL Component Info : 
+---XORs : 
	   2 Input      1 Bit         XORs := 16    
+---Muxes : 
	   4 Input      4 Bit        Muxes := 2     
---------------------------------------------------------------------------------
Finished RTL Component Statistics 
---------------------------------------------------------------------------------
---------------------------------------------------------------------------------
Start RTL Hierarchical Component Statistics 
---------------------------------------------------------------------------------
Hierarchical RTL Component report 
Module Four_Digit_Seven_Segment_Driver 
Detailed RTL Component Info : 
+---Muxes : 
	   4 Input      4 Bit        Muxes := 2     
Module FullAdder 
Detailed RTL Component Info : 
+---XORs : 
	   2 Input      1 Bit         XORs := 2     
---------------------------------------------------------------------------------
Finished RTL Hierarchical Component Statistics
---------------------------------------------------------------------------------
---------------------------------------------------------------------------------
Start Part Resource Summary
---------------------------------------------------------------------------------
Part Resources:
DSPs: 240 (col length:80)
BRAMs: 270 (col length: RAMB18 80 RAMB36 40)
---------------------------------------------------------------------------------
Finished Part Resource Summary
---------------------------------------------------------------------------------
---------------------------------------------------------------------------------
Start Cross Boundary and Area Optimization
---------------------------------------------------------------------------------
---------------------------------------------------------------------------------
Finished Cross Boundary and Area Optimization : Time (s): cpu = 00:00:13 ; elapsed = 00:00:19 . Memory (MB): peak = 643.125 ; gain = 432.543
---------------------------------------------------------------------------------

Report RTL Partitions: 
+-+--------------+------------+----------+
| |RTL Partition |Replication |Instances |
+-+--------------+------------+----------+
+-+--------------+------------+----------+
---------------------------------------------------------------------------------
Start Timing Optimization
---------------------------------------------------------------------------------
---------------------------------------------------------------------------------
Start Applying XDC Timing Constraints
---------------------------------------------------------------------------------
---------------------------------------------------------------------------------
Finished Applying XDC Timing Constraints : Time (s): cpu = 00:00:21 ; elapsed = 00:00:27 . Memory (MB): peak = 643.125 ; gain = 432.543
---------------------------------------------------------------------------------
---------------------------------------------------------------------------------
Finished Timing Optimization : Time (s): cpu = 00:00:21 ; elapsed = 00:00:27 . Memory (MB): peak = 643.125 ; gain = 432.543
---------------------------------------------------------------------------------

Report RTL Partitions: 
+-+--------------+------------+----------+
| |RTL Partition |Replication |Instances |
+-+--------------+------------+----------+
+-+--------------+------------+----------+
---------------------------------------------------------------------------------
Start Technology Mapping
---------------------------------------------------------------------------------
---------------------------------------------------------------------------------
Finished Technology Mapping : Time (s): cpu = 00:00:21 ; elapsed = 00:00:27 . Memory (MB): peak = 643.125 ; gain = 432.543
---------------------------------------------------------------------------------

Report RTL Partitions: 
+-+--------------+------------+----------+
| |RTL Partition |Replication |Instances |
+-+--------------+------------+----------+
+-+--------------+------------+----------+
---------------------------------------------------------------------------------
Start IO Insertion
---------------------------------------------------------------------------------
---------------------------------------------------------------------------------
Start Flattening Before IO Insertion
---------------------------------------------------------------------------------
---------------------------------------------------------------------------------
Finished Flattening Before IO Insertion
---------------------------------------------------------------------------------
---------------------------------------------------------------------------------
Start Final Netlist Cleanup
---------------------------------------------------------------------------------
---------------------------------------------------------------------------------
Finished Final Netlist Cleanup
---------------------------------------------------------------------------------
---------------------------------------------------------------------------------
Finished IO Insertion : Time (s): cpu = 00:00:21 ; elapsed = 00:00:27 . Memory (MB): peak = 643.125 ; gain = 432.543
---------------------------------------------------------------------------------

Report Check Netlist: 
+------+------------------+-------+---------+-------+------------------+
|      |Item              |Errors |Warnings |Status |Description       |
+------+------------------+-------+---------+-------+------------------+
|1     |multi_driven_nets |      0|        0|Passed |Multi driven nets |
+------+------------------+-------+---------+-------+------------------+
---------------------------------------------------------------------------------
Start Renaming Generated Instances
---------------------------------------------------------------------------------
---------------------------------------------------------------------------------
Finished Renaming Generated Instances : Time (s): cpu = 00:00:21 ; elapsed = 00:00:27 . Memory (MB): peak = 643.125 ; gain = 432.543
---------------------------------------------------------------------------------

Report RTL Partitions: 
+-+--------------+------------+----------+
| |RTL Partition |Replication |Instances |
+-+--------------+------------+----------+
+-+--------------+------------+----------+
---------------------------------------------------------------------------------
Start Rebuilding User Hierarchy
---------------------------------------------------------------------------------
---------------------------------------------------------------------------------
Finished Rebuilding User Hierarchy : Time (s): cpu = 00:00:21 ; elapsed = 00:00:27 . Memory (MB): peak = 643.125 ; gain = 432.543
---------------------------------------------------------------------------------
---------------------------------------------------------------------------------
Start Renaming Generated Ports
---------------------------------------------------------------------------------
---------------------------------------------------------------------------------
Finished Renaming Generated Ports : Time (s): cpu = 00:00:21 ; elapsed = 00:00:27 . Memory (MB): peak = 643.125 ; gain = 432.543
---------------------------------------------------------------------------------
---------------------------------------------------------------------------------
Start Handling Custom Attributes
---------------------------------------------------------------------------------
---------------------------------------------------------------------------------
Finished Handling Custom Attributes : Time (s): cpu = 00:00:21 ; elapsed = 00:00:27 . Memory (MB): peak = 643.125 ; gain = 432.543
---------------------------------------------------------------------------------
---------------------------------------------------------------------------------
Start Renaming Generated Nets
---------------------------------------------------------------------------------
---------------------------------------------------------------------------------
Finished Renaming Generated Nets : Time (s): cpu = 00:00:21 ; elapsed = 00:00:27 . Memory (MB): peak = 643.125 ; gain = 432.543
---------------------------------------------------------------------------------
---------------------------------------------------------------------------------
Start Writing Synthesis Report
---------------------------------------------------------------------------------

Report BlackBoxes: 
+-+--------------+----------+
| |BlackBox name |Instances |
+-+--------------+----------+
+-+--------------+----------+

Report Cell Usage: 
+------+-------+------+
|      |Cell   |Count |
+------+-------+------+
|1     |BUFG   |     1|
|2     |CARRY4 |    15|
|3     |LUT1   |    21|
|4     |LUT2   |    18|
|5     |LUT3   |    20|
|6     |LUT4   |    22|
|7     |LUT5   |    10|
|8     |LUT6   |    16|
|9     |FDRE   |    20|
|10    |IBUF   |    17|
|11    |OBUF   |    11|
+------+-------+------+

Report Instance Areas: 
+------+----------------------------------+--------------------------------+------+
|      |Instance                          |Module                          |Cells |
+------+----------------------------------+--------------------------------+------+
|1     |top                               |                                |   171|
|2     |  four_Digit_Seven_Segment_Driver |Four_Digit_Seven_Segment_Driver |   142|
+------+----------------------------------+--------------------------------+------+
---------------------------------------------------------------------------------
Finished Writing Synthesis Report : Time (s): cpu = 00:00:21 ; elapsed = 00:00:27 . Memory (MB): peak = 643.125 ; gain = 432.543
---------------------------------------------------------------------------------
Synthesis finished with 0 errors, 0 critical warnings and 0 warnings.
Synthesis Optimization Runtime : Time (s): cpu = 00:00:12 ; elapsed = 00:00:17 . Memory (MB): peak = 643.125 ; gain = 112.051
Synthesis Optimization Complete : Time (s): cpu = 00:00:21 ; elapsed = 00:00:27 . Memory (MB): peak = 643.125 ; gain = 432.543
INFO: [Project 1-571] Translating synthesized netlist
INFO: [Netlist 29-17] Analyzing 32 Unisim elements for replacement
INFO: [Netlist 29-28] Unisim Transformation completed in 0 CPU seconds
INFO: [Project 1-570] Preparing netlist for logic optimization
INFO: [Opt 31-138] Pushed 0 inverter(s) to 0 load pin(s).
INFO: [Project 1-111] Unisim Transformation Summary:
No Unisim elements were transformed.

INFO: [Common 17-83] Releasing license: Synthesis
27 Infos, 74 Warnings, 74 Critical Warnings and 0 Errors encountered.
synth_design completed successfully
synth_design: Time (s): cpu = 00:00:20 ; elapsed = 00:00:23 . Memory (MB): peak = 643.125 ; gain = 419.410
INFO: [Common 17-1381] The checkpoint 'C:/Users/msa.azzazy.AUC/single_cycle/single_cycle.runs/synth_1/RCA_Demo.dcp' has been generated.
report_utilization: Time (s): cpu = 00:00:00 ; elapsed = 00:00:00.016 . Memory (MB): peak = 643.125 ; gain = 0.000
INFO: [Common 17-206] Exiting Vivado at Fri Mar 22 17:00:28 2019...
