Unable to capture context for thread 12700 in process 4296, can not generate back trace
Unable to capture context for thread 2244 in process 4296, can not generate back trace
Unable to capture context for thread 5664 in process 4296, can not generate back trace
Unable to capture context for thread 6892 in process 4296, can not generate back trace
Unable to capture context for thread 9896 in process 4296, can not generate back trace
Exception at PC 0x00007FFFE375BB93
Printing stacktrace...

Exception at PC 0x00007FF819284008
Exception at PC 0x00007FF819284008
Exception at PC 0x00007FF819284008
Exception at PC 0x00007FF819284008
Exception at PC 0x00007FF819284008
Exception at PC 0x00007FF819284008
Exception at PC 0x00007FF819284008
Exception at PC 0x00007FF819284008
Exception at PC 0x00007FF819284008
[0]  [0x00007FFFE375BB93]
[1]  [0x00007FFFE375BB93]
[2]  [0x00007FFFE375B4A1]
[3]  [0x00007FFFE375B3EF]
[4]  [0x00007FFFE37419FE]
[5]  [0x00007FFFE3740ED1]
[6]  [0x00007FFFE3740D76]
[7]  [0x00007FFFE36E79F6]
[8]  [0x00007FFFE36D7AFB]
[9]  [0x00007FFFE37FE90A]
[10]  [0x00007FFFE3819F87]
[11]  [0x00007FFFE381A05F]
[12] (BaseThreadInitThunk+0x14) [0x00007FF81BA31FE4]
[13] (RtlUserThreadStart+0x21) [0x00007FF81CC4F061]
Done
Exception at PC 0x00007FF819284008
Exception at PC 0x00007FF819284008
Exception at PC 0x00007FF819284008
Exception at PC 0x00007FF819284008
Exception at PC 0x00007FF819284008
Exception at PC 0x00007FF819284008
Exception at PC 0x00007FF819284008
Exception at PC 0x00007FF819284008
Exception at PC 0x00007FF819284008
