Copyright 1986-2016 Xilinx, Inc. All Rights Reserved.
---------------------------------------------------------------------------------------------------------------------------------
| Tool Version : Vivado v.2016.4 (win64) Build 1733598 Wed Dec 14 22:35:39 MST 2016
| Date         : Mon Mar 18 19:11:21 2019
| Host         : CSE-P07-2168-13 running 64-bit major release  (build 9200)
| Command      : report_methodology -file DataPath_Demo_methodology_drc_routed.rpt -rpx DataPath_Demo_methodology_drc_routed.rpx
| Design       : DataPath_Demo
| Device       : xc7a100tcsg324-1
| Speed File   : -1
| Design State : Routed
---------------------------------------------------------------------------------------------------------------------------------

Report Methodology

Table of Contents
-----------------
1. REPORT SUMMARY
2. REPORT DETAILS

1. REPORT SUMMARY
-----------------
            Netlist: netlist
          Floorplan: design_1
      Design limits: <entire design considered>
             Max violations: <unlimited>
             Violations found: 89
+-----------+----------+-----------------------------+------------+
| Rule      | Severity | Description                 | Violations |
+-----------+----------+-----------------------------+------------+
| TIMING-17 | Warning  | Non-clocked sequential cell | 61         |
| TIMING-20 | Warning  | Non-clocked latch           | 28         |
+-----------+----------+-----------------------------+------------+

2. REPORT DETAILS
-----------------
TIMING-17#1 Warning
Non-clocked sequential cell  
The clock pin dataPath/dataMem/mem_reg_0_63_0_0/SP/CLK is not reached by a timing clock
Related violations: <none>

TIMING-17#2 Warning
Non-clocked sequential cell  
The clock pin dataPath/dataMem/mem_reg_0_63_10_10/SP/CLK is not reached by a timing clock
Related violations: <none>

TIMING-17#3 Warning
Non-clocked sequential cell  
The clock pin dataPath/dataMem/mem_reg_0_63_11_11/SP/CLK is not reached by a timing clock
Related violations: <none>

TIMING-17#4 Warning
Non-clocked sequential cell  
The clock pin dataPath/dataMem/mem_reg_0_63_12_12/SP/CLK is not reached by a timing clock
Related violations: <none>

TIMING-17#5 Warning
Non-clocked sequential cell  
The clock pin dataPath/dataMem/mem_reg_0_63_1_1/SP/CLK is not reached by a timing clock
Related violations: <none>

TIMING-17#6 Warning
Non-clocked sequential cell  
The clock pin dataPath/dataMem/mem_reg_0_63_2_2/SP/CLK is not reached by a timing clock
Related violations: <none>

TIMING-17#7 Warning
Non-clocked sequential cell  
The clock pin dataPath/dataMem/mem_reg_0_63_3_3/SP/CLK is not reached by a timing clock
Related violations: <none>

TIMING-17#8 Warning
Non-clocked sequential cell  
The clock pin dataPath/dataMem/mem_reg_0_63_4_4/SP/CLK is not reached by a timing clock
Related violations: <none>

TIMING-17#9 Warning
Non-clocked sequential cell  
The clock pin dataPath/dataMem/mem_reg_0_63_5_5/SP/CLK is not reached by a timing clock
Related violations: <none>

TIMING-17#10 Warning
Non-clocked sequential cell  
The clock pin dataPath/dataMem/mem_reg_0_63_6_6/SP/CLK is not reached by a timing clock
Related violations: <none>

TIMING-17#11 Warning
Non-clocked sequential cell  
The clock pin dataPath/dataMem/mem_reg_0_63_7_7/SP/CLK is not reached by a timing clock
Related violations: <none>

TIMING-17#12 Warning
Non-clocked sequential cell  
The clock pin dataPath/dataMem/mem_reg_0_63_8_8/SP/CLK is not reached by a timing clock
Related violations: <none>

TIMING-17#13 Warning
Non-clocked sequential cell  
The clock pin dataPath/dataMem/mem_reg_0_63_9_9/SP/CLK is not reached by a timing clock
Related violations: <none>

TIMING-17#14 Warning
Non-clocked sequential cell  
The clock pin dataPath/pc_reg[10]/C is not reached by a timing clock
Related violations: <none>

TIMING-17#15 Warning
Non-clocked sequential cell  
The clock pin dataPath/pc_reg[11]/C is not reached by a timing clock
Related violations: <none>

TIMING-17#16 Warning
Non-clocked sequential cell  
The clock pin dataPath/pc_reg[12]/C is not reached by a timing clock
Related violations: <none>

TIMING-17#17 Warning
Non-clocked sequential cell  
The clock pin dataPath/pc_reg[1]/C is not reached by a timing clock
Related violations: <none>

TIMING-17#18 Warning
Non-clocked sequential cell  
The clock pin dataPath/pc_reg[2]/C is not reached by a timing clock
Related violations: <none>

TIMING-17#19 Warning
Non-clocked sequential cell  
The clock pin dataPath/pc_reg[3]/C is not reached by a timing clock
Related violations: <none>

TIMING-17#20 Warning
Non-clocked sequential cell  
The clock pin dataPath/pc_reg[4]/C is not reached by a timing clock
Related violations: <none>

TIMING-17#21 Warning
Non-clocked sequential cell  
The clock pin dataPath/pc_reg[5]/C is not reached by a timing clock
Related violations: <none>

TIMING-17#22 Warning
Non-clocked sequential cell  
The clock pin dataPath/pc_reg[6]/C is not reached by a timing clock
Related violations: <none>

TIMING-17#23 Warning
Non-clocked sequential cell  
The clock pin dataPath/pc_reg[7]/C is not reached by a timing clock
Related violations: <none>

TIMING-17#24 Warning
Non-clocked sequential cell  
The clock pin dataPath/pc_reg[8]/C is not reached by a timing clock
Related violations: <none>

TIMING-17#25 Warning
Non-clocked sequential cell  
The clock pin dataPath/pc_reg[9]/C is not reached by a timing clock
Related violations: <none>

TIMING-17#26 Warning
Non-clocked sequential cell  
The clock pin dataPath/registerFile/genblk1[0].R/genblk1[0].Df/Q_reg/C is not reached by a timing clock
Related violations: <none>

TIMING-17#27 Warning
Non-clocked sequential cell  
The clock pin dataPath/registerFile/genblk1[10].R/genblk1[0].Df/Q_reg/C is not reached by a timing clock
Related violations: <none>

TIMING-17#28 Warning
Non-clocked sequential cell  
The clock pin dataPath/registerFile/genblk1[11].R/genblk1[0].Df/Q_reg/C is not reached by a timing clock
Related violations: <none>

TIMING-17#29 Warning
Non-clocked sequential cell  
The clock pin dataPath/registerFile/genblk1[12].R/genblk1[0].Df/Q_reg/C is not reached by a timing clock
Related violations: <none>

TIMING-17#30 Warning
Non-clocked sequential cell  
The clock pin dataPath/registerFile/genblk1[13].R/genblk1[0].Df/Q_reg/C is not reached by a timing clock
Related violations: <none>

TIMING-17#31 Warning
Non-clocked sequential cell  
The clock pin dataPath/registerFile/genblk1[14].R/genblk1[0].Df/Q_reg/C is not reached by a timing clock
Related violations: <none>

TIMING-17#32 Warning
Non-clocked sequential cell  
The clock pin dataPath/registerFile/genblk1[15].R/genblk1[0].Df/Q_reg/C is not reached by a timing clock
Related violations: <none>

TIMING-17#33 Warning
Non-clocked sequential cell  
The clock pin dataPath/registerFile/genblk1[1].R/genblk1[0].Df/Q_reg/C is not reached by a timing clock
Related violations: <none>

TIMING-17#34 Warning
Non-clocked sequential cell  
The clock pin dataPath/registerFile/genblk1[2].R/genblk1[0].Df/Q_reg/C is not reached by a timing clock
Related violations: <none>

TIMING-17#35 Warning
Non-clocked sequential cell  
The clock pin dataPath/registerFile/genblk1[3].R/genblk1[0].Df/Q_reg/C is not reached by a timing clock
Related violations: <none>

TIMING-17#36 Warning
Non-clocked sequential cell  
The clock pin dataPath/registerFile/genblk1[4].R/genblk1[0].Df/Q_reg/C is not reached by a timing clock
Related violations: <none>

TIMING-17#37 Warning
Non-clocked sequential cell  
The clock pin dataPath/registerFile/genblk1[5].R/genblk1[0].Df/Q_reg/C is not reached by a timing clock
Related violations: <none>

TIMING-17#38 Warning
Non-clocked sequential cell  
The clock pin dataPath/registerFile/genblk1[6].R/genblk1[0].Df/Q_reg/C is not reached by a timing clock
Related violations: <none>

TIMING-17#39 Warning
Non-clocked sequential cell  
The clock pin dataPath/registerFile/genblk1[7].R/genblk1[0].Df/Q_reg/C is not reached by a timing clock
Related violations: <none>

TIMING-17#40 Warning
Non-clocked sequential cell  
The clock pin dataPath/registerFile/genblk1[8].R/genblk1[0].Df/Q_reg/C is not reached by a timing clock
Related violations: <none>

TIMING-17#41 Warning
Non-clocked sequential cell  
The clock pin dataPath/registerFile/genblk1[9].R/genblk1[0].Df/Q_reg/C is not reached by a timing clock
Related violations: <none>

TIMING-17#42 Warning
Non-clocked sequential cell  
The clock pin four_Digit_Seven_Segment_Driver/refresh_counter_reg[0]/C is not reached by a timing clock
Related violations: <none>

TIMING-17#43 Warning
Non-clocked sequential cell  
The clock pin four_Digit_Seven_Segment_Driver/refresh_counter_reg[10]/C is not reached by a timing clock
Related violations: <none>

TIMING-17#44 Warning
Non-clocked sequential cell  
The clock pin four_Digit_Seven_Segment_Driver/refresh_counter_reg[11]/C is not reached by a timing clock
Related violations: <none>

TIMING-17#45 Warning
Non-clocked sequential cell  
The clock pin four_Digit_Seven_Segment_Driver/refresh_counter_reg[12]/C is not reached by a timing clock
Related violations: <none>

TIMING-17#46 Warning
Non-clocked sequential cell  
The clock pin four_Digit_Seven_Segment_Driver/refresh_counter_reg[13]/C is not reached by a timing clock
Related violations: <none>

TIMING-17#47 Warning
Non-clocked sequential cell  
The clock pin four_Digit_Seven_Segment_Driver/refresh_counter_reg[14]/C is not reached by a timing clock
Related violations: <none>

TIMING-17#48 Warning
Non-clocked sequential cell  
The clock pin four_Digit_Seven_Segment_Driver/refresh_counter_reg[15]/C is not reached by a timing clock
Related violations: <none>

TIMING-17#49 Warning
Non-clocked sequential cell  
The clock pin four_Digit_Seven_Segment_Driver/refresh_counter_reg[16]/C is not reached by a timing clock
Related violations: <none>

TIMING-17#50 Warning
Non-clocked sequential cell  
The clock pin four_Digit_Seven_Segment_Driver/refresh_counter_reg[17]/C is not reached by a timing clock
Related violations: <none>

TIMING-17#51 Warning
Non-clocked sequential cell  
The clock pin four_Digit_Seven_Segment_Driver/refresh_counter_reg[18]/C is not reached by a timing clock
Related violations: <none>

TIMING-17#52 Warning
Non-clocked sequential cell  
The clock pin four_Digit_Seven_Segment_Driver/refresh_counter_reg[19]/C is not reached by a timing clock
Related violations: <none>

TIMING-17#53 Warning
Non-clocked sequential cell  
The clock pin four_Digit_Seven_Segment_Driver/refresh_counter_reg[1]/C is not reached by a timing clock
Related violations: <none>

TIMING-17#54 Warning
Non-clocked sequential cell  
The clock pin four_Digit_Seven_Segment_Driver/refresh_counter_reg[2]/C is not reached by a timing clock
Related violations: <none>

TIMING-17#55 Warning
Non-clocked sequential cell  
The clock pin four_Digit_Seven_Segment_Driver/refresh_counter_reg[3]/C is not reached by a timing clock
Related violations: <none>

TIMING-17#56 Warning
Non-clocked sequential cell  
The clock pin four_Digit_Seven_Segment_Driver/refresh_counter_reg[4]/C is not reached by a timing clock
Related violations: <none>

TIMING-17#57 Warning
Non-clocked sequential cell  
The clock pin four_Digit_Seven_Segment_Driver/refresh_counter_reg[5]/C is not reached by a timing clock
Related violations: <none>

TIMING-17#58 Warning
Non-clocked sequential cell  
The clock pin four_Digit_Seven_Segment_Driver/refresh_counter_reg[6]/C is not reached by a timing clock
Related violations: <none>

TIMING-17#59 Warning
Non-clocked sequential cell  
The clock pin four_Digit_Seven_Segment_Driver/refresh_counter_reg[7]/C is not reached by a timing clock
Related violations: <none>

TIMING-17#60 Warning
Non-clocked sequential cell  
The clock pin four_Digit_Seven_Segment_Driver/refresh_counter_reg[8]/C is not reached by a timing clock
Related violations: <none>

TIMING-17#61 Warning
Non-clocked sequential cell  
The clock pin four_Digit_Seven_Segment_Driver/refresh_counter_reg[9]/C is not reached by a timing clock
Related violations: <none>

TIMING-20#1 Warning
Non-clocked latch  
The latch dataPath/leds_reg[0] cannot be properly analyzed as its control pin dataPath/leds_reg[0]/G is not reached by a timing clock
Related violations: <none>

TIMING-20#2 Warning
Non-clocked latch  
The latch dataPath/leds_reg[10] cannot be properly analyzed as its control pin dataPath/leds_reg[10]/G is not reached by a timing clock
Related violations: <none>

TIMING-20#3 Warning
Non-clocked latch  
The latch dataPath/leds_reg[12] cannot be properly analyzed as its control pin dataPath/leds_reg[12]/G is not reached by a timing clock
Related violations: <none>

TIMING-20#4 Warning
Non-clocked latch  
The latch dataPath/leds_reg[13] cannot be properly analyzed as its control pin dataPath/leds_reg[13]/G is not reached by a timing clock
Related violations: <none>

TIMING-20#5 Warning
Non-clocked latch  
The latch dataPath/leds_reg[14] cannot be properly analyzed as its control pin dataPath/leds_reg[14]/G is not reached by a timing clock
Related violations: <none>

TIMING-20#6 Warning
Non-clocked latch  
The latch dataPath/leds_reg[15] cannot be properly analyzed as its control pin dataPath/leds_reg[15]/G is not reached by a timing clock
Related violations: <none>

TIMING-20#7 Warning
Non-clocked latch  
The latch dataPath/leds_reg[1] cannot be properly analyzed as its control pin dataPath/leds_reg[1]/G is not reached by a timing clock
Related violations: <none>

TIMING-20#8 Warning
Non-clocked latch  
The latch dataPath/leds_reg[2] cannot be properly analyzed as its control pin dataPath/leds_reg[2]/G is not reached by a timing clock
Related violations: <none>

TIMING-20#9 Warning
Non-clocked latch  
The latch dataPath/leds_reg[3] cannot be properly analyzed as its control pin dataPath/leds_reg[3]/G is not reached by a timing clock
Related violations: <none>

TIMING-20#10 Warning
Non-clocked latch  
The latch dataPath/leds_reg[4] cannot be properly analyzed as its control pin dataPath/leds_reg[4]/G is not reached by a timing clock
Related violations: <none>

TIMING-20#11 Warning
Non-clocked latch  
The latch dataPath/leds_reg[5] cannot be properly analyzed as its control pin dataPath/leds_reg[5]/G is not reached by a timing clock
Related violations: <none>

TIMING-20#12 Warning
Non-clocked latch  
The latch dataPath/leds_reg[6] cannot be properly analyzed as its control pin dataPath/leds_reg[6]/G is not reached by a timing clock
Related violations: <none>

TIMING-20#13 Warning
Non-clocked latch  
The latch dataPath/leds_reg[7] cannot be properly analyzed as its control pin dataPath/leds_reg[7]/G is not reached by a timing clock
Related violations: <none>

TIMING-20#14 Warning
Non-clocked latch  
The latch dataPath/leds_reg[8] cannot be properly analyzed as its control pin dataPath/leds_reg[8]/G is not reached by a timing clock
Related violations: <none>

TIMING-20#15 Warning
Non-clocked latch  
The latch dataPath/leds_reg[9] cannot be properly analyzed as its control pin dataPath/leds_reg[9]/G is not reached by a timing clock
Related violations: <none>

TIMING-20#16 Warning
Non-clocked latch  
The latch dataPath/ssd_reg[0] cannot be properly analyzed as its control pin dataPath/ssd_reg[0]/G is not reached by a timing clock
Related violations: <none>

TIMING-20#17 Warning
Non-clocked latch  
The latch dataPath/ssd_reg[10] cannot be properly analyzed as its control pin dataPath/ssd_reg[10]/G is not reached by a timing clock
Related violations: <none>

TIMING-20#18 Warning
Non-clocked latch  
The latch dataPath/ssd_reg[11] cannot be properly analyzed as its control pin dataPath/ssd_reg[11]/G is not reached by a timing clock
Related violations: <none>

TIMING-20#19 Warning
Non-clocked latch  
The latch dataPath/ssd_reg[12] cannot be properly analyzed as its control pin dataPath/ssd_reg[12]/G is not reached by a timing clock
Related violations: <none>

TIMING-20#20 Warning
Non-clocked latch  
The latch dataPath/ssd_reg[1] cannot be properly analyzed as its control pin dataPath/ssd_reg[1]/G is not reached by a timing clock
Related violations: <none>

TIMING-20#21 Warning
Non-clocked latch  
The latch dataPath/ssd_reg[2] cannot be properly analyzed as its control pin dataPath/ssd_reg[2]/G is not reached by a timing clock
Related violations: <none>

TIMING-20#22 Warning
Non-clocked latch  
The latch dataPath/ssd_reg[3] cannot be properly analyzed as its control pin dataPath/ssd_reg[3]/G is not reached by a timing clock
Related violations: <none>

TIMING-20#23 Warning
Non-clocked latch  
The latch dataPath/ssd_reg[4] cannot be properly analyzed as its control pin dataPath/ssd_reg[4]/G is not reached by a timing clock
Related violations: <none>

TIMING-20#24 Warning
Non-clocked latch  
The latch dataPath/ssd_reg[5] cannot be properly analyzed as its control pin dataPath/ssd_reg[5]/G is not reached by a timing clock
Related violations: <none>

TIMING-20#25 Warning
Non-clocked latch  
The latch dataPath/ssd_reg[6] cannot be properly analyzed as its control pin dataPath/ssd_reg[6]/G is not reached by a timing clock
Related violations: <none>

TIMING-20#26 Warning
Non-clocked latch  
The latch dataPath/ssd_reg[7] cannot be properly analyzed as its control pin dataPath/ssd_reg[7]/G is not reached by a timing clock
Related violations: <none>

TIMING-20#27 Warning
Non-clocked latch  
The latch dataPath/ssd_reg[8] cannot be properly analyzed as its control pin dataPath/ssd_reg[8]/G is not reached by a timing clock
Related violations: <none>

TIMING-20#28 Warning
Non-clocked latch  
The latch dataPath/ssd_reg[9] cannot be properly analyzed as its control pin dataPath/ssd_reg[9]/G is not reached by a timing clock
Related violations: <none>


